<?xml version="1.0" encoding="UTF-8"?>
<!-- Generated by org.testng.reporters.JUnitReportReporter -->
<testsuite hostname="QA1082" failures="0" tests="1" name="Day8.UpdateUser" time="0.645" errors="0" timestamp="2023-07-30T14:13:28 IST" skipped="0">
  <testcase classname="Day8.UpdateUser" name="TestUpdateUser" time="0.645"/>
  <system-out/>
</testsuite> <!-- Day8.UpdateUser -->
