<?xml version="1.0" encoding="UTF-8"?>
<!-- Generated by org.testng.reporters.JUnitReportReporter -->
<testsuite hostname="QA1082" failures="0" tests="1" name="Day3.PathparamAndQueryParam" time="2.551" errors="0" timestamp="2023-07-15T22:15:29 IST" skipped="0">
  <testcase classname="Day3.PathparamAndQueryParam" name="pathandqueryParameter" time="2.551"/>
  <system-out/>
</testsuite> <!-- Day3.PathparamAndQueryParam -->
