<?xml version="1.0" encoding="UTF-8"?>
<!-- Generated by org.testng.reporters.JUnitReportReporter -->
<testsuite hostname="QA1082" failures="0" tests="1" name="Day3.Logdemo" time="2.910" errors="0" timestamp="2023-07-16T19:41:44 IST" skipped="0">
  <testcase classname="Day3.Logdemo" name="logmethod" time="2.910"/>
  <system-out/>
</testsuite> <!-- Day3.Logdemo -->
