<?xml version="1.0" encoding="UTF-8"?>
<!-- Generated by org.testng.reporters.JUnitReportReporter -->
<testsuite hostname="QA1082" failures="0" tests="4" name="Day1.HTTPrequest" time="9.188" errors="0" timestamp="2023-12-19T10:43:30 IST" skipped="0">
  <testcase classname="Day1.HTTPrequest" name="getUser" time="6.301"/>
  <testcase classname="Day1.HTTPrequest" name="CeateUser" time="1.659"/>
  <testcase classname="Day1.HTTPrequest" name="Updateuser" time="0.710"/>
  <testcase classname="Day1.HTTPrequest" name="DeleteUser" time="0.518"/>
</testsuite> <!-- Day1.HTTPrequest -->
