<?xml version="1.0" encoding="UTF-8"?>
<!-- Generated by org.testng.reporters.JUnitReportReporter -->
<testsuite hostname="QA1082" failures="0" tests="1" name="Day3.Headersdemo" time="5.074" errors="0" timestamp="2023-12-19T10:58:43 IST" skipped="0">
  <testcase classname="Day3.Headersdemo" name="testHeadersinfo" time="5.074"/>
</testsuite> <!-- Day3.Headersdemo -->
