<?xml version="1.0" encoding="UTF-8"?>
<!-- Generated by org.testng.reporters.JUnitReportReporter -->
<testsuite hostname="QA1082" failures="0" tests="1" name="Day5.Parsexml" time="8.204" errors="0" timestamp="2023-12-19T11:08:12 IST" skipped="0">
  <testcase classname="Day5.Parsexml" name="parsexmldatabody" time="8.204"/>
</testsuite> <!-- Day5.Parsexml -->
