<?xml version="1.0" encoding="UTF-8"?>
<!-- Generated by org.testng.reporters.JUnitReportReporter -->
<testsuite hostname="QA1082" failures="0" tests="1" name="Day7.FakerDataGenerator" time="0.291" errors="0" timestamp="2023-07-28T10:06:31 IST" skipped="0">
  <testcase classname="Day7.FakerDataGenerator" name="TestDatagenerator" time="0.291"/>
  <system-out/>
</testsuite> <!-- Day7.FakerDataGenerator -->
