<?xml version="1.0" encoding="UTF-8"?>
<!-- Generated by org.testng.reporters.JUnitReportReporter -->
<testsuite hostname="QA1082" failures="0" tests="1" name="Day8.DeleteUser" time="0.480" errors="0" timestamp="2023-07-30T14:13:28 IST" skipped="0">
  <testcase classname="Day8.DeleteUser" name="TesDeleteUser" time="0.480"/>
  <system-out/>
</testsuite> <!-- Day8.DeleteUser -->
