<?xml version="1.0" encoding="UTF-8"?>
<!-- Generated by org.testng.reporters.JUnitReportReporter -->
<testsuite hostname="QA1082" failures="0" tests="2" name="Day2.DifferentWaystocreatePostRequestBody" time="2.330" errors="0" timestamp="2023-07-15T21:28:10 IST" skipped="0">
  <testcase classname="Day2.DifferentWaystocreatePostRequestBody" name="testPostusingjsonfile" time="2.250"/>
  <system-out/>
  <testcase classname="Day2.DifferentWaystocreatePostRequestBody" name="DeleteUser" time="0.080"/>
  <system-out/>
</testsuite> <!-- Day2.DifferentWaystocreatePostRequestBody -->
