<?xml version="1.0" encoding="UTF-8"?>
<!-- Generated by org.testng.reporters.JUnitReportReporter -->
<testsuite hostname="QA1082" failures="0" tests="2" name="Day6.SerialiZationAndDeserialization" time="1.769" errors="0" timestamp="2023-12-19T10:51:53 IST" skipped="0">
  <testcase classname="Day6.SerialiZationAndDeserialization" name="pojotojson" time="0.087"/>
  <testcase classname="Day6.SerialiZationAndDeserialization" name="jsontopojo" time="1.682"/>
</testsuite> <!-- Day6.SerialiZationAndDeserialization -->
