<?xml version="1.0" encoding="UTF-8"?>
<!-- Generated by org.testng.reporters.JUnitReportReporter -->
<testsuite hostname="QA1082" failures="0" tests="2" name="Day3.Cookiesdemo" time="5.746" errors="0" timestamp="2023-12-19T10:56:24 IST" skipped="0">
  <testcase classname="Day3.Cookiesdemo" name="getCookiesinfo" time="4.484"/>
  <testcase classname="Day3.Cookiesdemo" name="testCookie" time="1.262"/>
</testsuite> <!-- Day3.Cookiesdemo -->
