<?xml version="1.0" encoding="UTF-8"?>
<!-- Generated by org.testng.reporters.JUnitReportReporter -->
<testsuite hostname="QA1082" failures="0" tests="1" name="Day7.Authentication" time="5.436" errors="0" timestamp="2023-07-21T10:20:53 IST" skipped="0">
  <testcase classname="Day7.Authentication" name="PreemptiveAuth" time="5.436"/>
  <system-out/>
</testsuite> <!-- Day7.Authentication -->
