<?xml version="1.0" encoding="UTF-8"?>
<!-- Generated by org.testng.reporters.JUnitReportReporter -->
<testsuite hostname="QA1082" failures="0" tests="1" name="Day8.CreateUser" time="4.585" errors="0" timestamp="2023-07-30T14:13:28 IST" skipped="0">
  <testcase classname="Day8.CreateUser" name="TestCreateUser" time="4.585"/>
  <system-out/>
</testsuite> <!-- Day8.CreateUser -->
